Flutter crash report.
Please report a bug at https://github.com/flutter/flutter/issues.

## command

flutter run

## exception

RPCError: _flutter.renderFrameWithRasterStats: (-32000) Failed to render the last frame with raster stats. Rasterizer does not hold a valid last layer tree. This could happen if this method was invoked before a frame was rendered

```
#0      new _OutstandingRequest (package:vm_service/src/vm_service.dart:265:34)
#1      VmService._call.<anonymous closure> (package:vm_service/src/vm_service.dart:1771:25)
#2      VmService._call (package:vm_service/src/vm_service.dart:1783:8)
#3      VmService.callServiceExtension (package:vm_service/src/vm_service.dart:1733:14)
#4      VmService.callMethod (package:vm_service/src/vm_service.dart:1716:12)
#5      FlutterVmService.callMethodWrapper (package:flutter_tools/src/vmservice.dart:501:28)
#6      FlutterVmService.renderFrameWithRasterStats (package:flutter_tools/src/vmservice.dart:601:49)
#7      ResidentHandlers.debugFrameJankMetrics (package:flutter_tools/src/resident_runner.dart:726:35)
<asynchronous suspension>
#8      TerminalHandler.processTerminalInput (package:flutter_tools/src/resident_runner.dart:1830:7)
<asynchronous suspension>
```

## flutter doctor

```
[32m[✓][39m Flutter (Channel stable, 3.19.0, on macOS 14.4.1 23E224 darwin-arm64, locale en-TH)
    [32m•[39m Flutter version 3.19.0 on channel stable at /Users/bbmmir/Documents/flutter
    [32m•[39m Upstream repository https://github.com/flutter/flutter.git
    [32m•[39m Framework revision bae5e49bc2 (8 weeks ago), 2024-02-13 17:46:18 -0800
    [32m•[39m Engine revision 04817c99c9
    [32m•[39m Dart version 3.3.0
    [32m•[39m DevTools version 2.31.1

[33m[!][39m Android toolchain - develop for Android devices (Android SDK version 34.0.0)
    [32m•[39m Android SDK at /Users/bbmmir/Library/Android/sdk
    [31m✗[39m cmdline-tools component is missing
      Run `path/to/sdkmanager --install "cmdline-tools;latest"`
      See https://developer.android.com/studio/command-line for more details.
    [31m✗[39m Android license status unknown.
      Run `flutter doctor --android-licenses` to accept the SDK licenses.
      See https://flutter.dev/docs/get-started/install/macos#android-setup for more details.

[31m[✗][39m Xcode - develop for iOS and macOS
    [31m✗[39m Xcode installation is incomplete; a full installation is necessary for iOS and macOS development.
      Download at: https://developer.apple.com/xcode/
      Or install Xcode via the App Store.
      Once installed, run:
        sudo xcode-select --switch /Applications/Xcode.app/Contents/Developer
        sudo xcodebuild -runFirstLaunch
    [31m✗[39m CocoaPods not installed.
        CocoaPods is used to retrieve the iOS and macOS platform side's plugin code that responds to your plugin usage on the Dart side.
        Without CocoaPods, plugins will not work on iOS or macOS.
        For more info, see https://flutter.dev/platform-plugins
      To install see https://guides.cocoapods.org/using/getting-started.html#installation for instructions.

[32m[✓][39m Chrome - develop for the web
    [32m•[39m Chrome at /Applications/Google Chrome.app/Contents/MacOS/Google Chrome

[32m[✓][39m Android Studio (version 2023.1)
    [32m•[39m Android Studio at /Applications/Android Studio.app/Contents
    [32m•[39m Flutter plugin can be installed from:
      🔨 https://plugins.jetbrains.com/plugin/9212-flutter
    [32m•[39m Dart plugin can be installed from:
      🔨 https://plugins.jetbrains.com/plugin/6351-dart
    [32m•[39m Java version OpenJDK Runtime Environment (build 17.0.7+0-17.0.7b1000.6-10550314)

[32m[✓][39m IntelliJ IDEA Ultimate Edition (version 2023.2.5)
    [32m•[39m IntelliJ at /Applications/IntelliJ IDEA.app
    [32m•[39m Flutter plugin can be installed from:
      🔨 https://plugins.jetbrains.com/plugin/9212-flutter
    [32m•[39m Dart plugin version 232.10286

[32m[✓][39m IntelliJ IDEA Community Edition (version 2023.1.6)
    [32m•[39m IntelliJ at /Applications/IntelliJ IDEA CE.app
    [32m•[39m Flutter plugin can be installed from:
      🔨 https://plugins.jetbrains.com/plugin/9212-flutter
    [32m•[39m Dart plugin can be installed from:
      🔨 https://plugins.jetbrains.com/plugin/6351-dart

[32m[✓][39m IntelliJ IDEA Community Edition (version 2023.1.6)
    [32m•[39m IntelliJ at /Users/bbmmir/Desktop/IntelliJ IDEA CE.app
    [32m•[39m Flutter plugin can be installed from:
      🔨 https://plugins.jetbrains.com/plugin/9212-flutter
    [32m•[39m Dart plugin can be installed from:
      🔨 https://plugins.jetbrains.com/plugin/6351-dart

[32m[✓][39m VS Code (version 1.83.1)
    [32m•[39m VS Code at /Users/bbmmir/Downloads/Visual Studio Code.app/Contents
    [32m•[39m Flutter extension version 3.86.0

[32m[✓][39m VS Code (version 1.85.1)
    [32m•[39m VS Code at /Users/bbmmir/Downloads/Visual Studio Code-2.app/Contents
    [32m•[39m Flutter extension version 3.86.0

[32m[✓][39m VS Code (version 1.86.0)
    [32m•[39m VS Code at /Users/bbmmir/Downloads/Visual Studio Code-3.app/Contents
    [32m•[39m Flutter extension version 3.86.0

[32m[✓][39m Connected device (3 available)
    [32m•[39m sdk gphone64 arm64 (mobile) • emulator-5554 • android-arm64  • Android 14 (API 34) (emulator)
    [32m•[39m macOS (desktop)             • macos         • darwin-arm64   • macOS 14.4.1 23E224 darwin-arm64
    [32m•[39m Chrome (web)                • chrome        • web-javascript • Google Chrome 123.0.6312.107

[32m[✓][39m Network resources
    [32m•[39m All expected network resources are available.

[33m![39m Doctor found issues in 2 categories.
```
